This file contains any messages produced by compilers while
running configure, to aid debugging if configure makes a mistake.

It was created by configure, which was
generated by GNU Autoconf 2.63.  Invocation command line was

  $ ./configure --build=arm-linux-gnueabi --prefix=/usr --includedir=${prefix}/include --mandir=${prefix}/share/man --infodir=${prefix}/share/info --sysconfdir=/etc --localstatedir=/var --libexecdir=${prefix}/lib/iftop --disable-maintainer-mode --disable-dependency-tracking

## --------- ##
## Platform. ##
## --------- ##

hostname = azureus
uname -m = arm
uname -r = 2.6.38-15-generic
uname -s = Linux
uname -v = #61-Ubuntu SMP Tue Jun 12 19:43:39 UTC 2012

/usr/bin/uname -p = unknown
/bin/uname -X     = unknown

/bin/arch              = arm
/usr/bin/arch -k       = arm
/usr/convex/getsysinfo = unknown
/usr/bin/hostinfo      = unknown
/bin/machine           = unknown
/usr/bin/oslevel       = unknown
/bin/universe          = unknown

PATH: /host_usr/bin
PATH: /scratchbox/devkits/debian-squeeze/bin
PATH: /scratchbox/devkits/git/bin
PATH: /scratchbox/devkits/svn/bin
PATH: /scratchbox/devkits/python-legacy/bin
PATH: /scratchbox/devkits/autotools-legacy/bin
PATH: /scratchbox/devkits/doctools/bin
PATH: /scratchbox/devkits/qemu/bin
PATH: /scratchbox/devkits/perl/bin
PATH: /scratchbox/tools/bin
PATH: /targets/links/arch_tools/bin
PATH: /scratchbox/compilers/bin
PATH: /bin
PATH: /usr/bin
PATH: /usr/local/bin
PATH: /usr/X11R6/bin
PATH: /sbin
PATH: /usr/sbin


## ----------- ##
## Core tests. ##
## ----------- ##

configure:1885: checking build system type
configure:1903: result: arm-unknown-linux-gnueabi
configure:1925: checking host system type
configure:1940: result: arm-unknown-linux-gnueabi
configure:1962: checking target system type
configure:1977: result: arm-unknown-linux-gnueabi
configure:2025: checking for a BSD-compatible install
configure:2093: result: /scratchbox/tools/bin/install -c
configure:2104: checking whether build environment is sane
configure:2147: result: yes
configure:2178: checking for gawk
configure:2194: found /scratchbox/tools/bin/gawk
configure:2205: result: gawk
configure:2216: checking whether make sets $(MAKE)
configure:2238: result: yes
configure:2395: checking for gcc
configure:2411: found /scratchbox/compilers/bin/gcc
configure:2422: result: gcc
configure:2654: checking for C compiler version
configure:2662: gcc --version >&5
sbox-arm-none-linux-gnueabi-gcc (GCC) 4.2.1
Copyright (C) 2007 Free Software Foundation, Inc.
This is free software; see the source for copying conditions.  There is NO
warranty; not even for MERCHANTABILITY or FITNESS FOR A PARTICULAR PURPOSE.

configure:2666: $? = 0
configure:2673: gcc -v >&5
Using built-in specs.
Reading specs from /scratchbox/compilers/cs2007q3-glibc2.5-arm7/gcc.specs
rename spec cpp to old_cpp
rename spec cc1 to old_cc1
rename spec link to old_link
rename spec mflib to old_mflib
Target: arm-none-linux-gnueabi
Configured with: /home/jhakala/cs2007q3-sb8/arm/src/gcc-4.2/configure --build=i686-pc-linux-gnu --host=i686-pc-linux-gnu --target=arm-none-linux-gnueabi --enable-threads --disable-libmudflap --disable-libssp --disable-libgomp --disable-libstdcxx-pch --with-gnu-as --with-gnu-ld --enable-languages=c,c++ --enable-shared --enable-symvers=gnu --enable-__cxa_atexit --disable-nls --prefix=/opt/maemo --with-sysroot=/opt/maemo/arm-none-linux-gnueabi/libc --with-build-sysroot=/home/jhakala/cs2007q3-sb8/arm/install/arm-none-linux-gnueabi/libc --with-build-time-tools=/home/jhakala/cs2007q3-sb8/arm/install/arm-none-linux-gnueabi/bin
Thread model: posix
gcc version 4.2.1
configure:2677: $? = 0
configure:2684: gcc -V >&5
sbox-arm-none-linux-gnueabi-gcc: '-V' must come at the start of the command line
configure:2688: $? = 1
configure:2711: checking for C compiler default output file name
configure:2733: gcc -g -O2   conftest.c  >&5
configure:2737: $? = 0
configure:2775: result: a.out
configure:2794: checking whether the C compiler works
configure:2804: ./a.out
configure:2808: $? = 0
configure:2827: result: yes
configure:2834: checking whether we are cross compiling
configure:2836: result: no
configure:2839: checking for suffix of executables
configure:2846: gcc -o conftest -g -O2   conftest.c  >&5
configure:2850: $? = 0
configure:2876: result: 
configure:2882: checking for suffix of object files
configure:2908: gcc -c -g -O2  conftest.c >&5
configure:2912: $? = 0
configure:2937: result: o
configure:2941: checking whether we are using the GNU C compiler
configure:2970: gcc -c -g -O2  conftest.c >&5
configure:2977: $? = 0
configure:2994: result: yes
configure:3003: checking whether gcc accepts -g
configure:3033: gcc -c -g  conftest.c >&5
configure:3040: $? = 0
configure:3141: result: yes
configure:3158: checking for gcc option to accept ISO C89
configure:3232: gcc  -c -g -O2  conftest.c >&5
configure:3239: $? = 0
configure:3262: result: none needed
configure:3288: checking for style of include used by make
configure:3316: result: GNU
configure:3323: checking dependency style of gcc
configure:3385: result: none
configure:3396: checking how to run the C preprocessor
configure:3436: gcc -E  conftest.c
configure:3443: $? = 0
configure:3474: gcc -E  conftest.c
conftest.c:11:28: error: ac_nonexistent.h: No such file or directory
configure:3481: $? = 1
configure: failed program was:
| /* confdefs.h.  */
| #define PACKAGE_NAME ""
| #define PACKAGE_TARNAME ""
| #define PACKAGE_VERSION ""
| #define PACKAGE_STRING ""
| #define PACKAGE_BUGREPORT ""
| #define PACKAGE "iftop"
| #define VERSION "1.0pre2"
| #define IFTOP_VERSION "1.0pre2"
| /* end confdefs.h.  */
| #include <ac_nonexistent.h>
configure:3514: result: gcc -E
configure:3543: gcc -E  conftest.c
configure:3550: $? = 0
configure:3581: gcc -E  conftest.c
conftest.c:11:28: error: ac_nonexistent.h: No such file or directory
configure:3588: $? = 1
configure: failed program was:
| /* confdefs.h.  */
| #define PACKAGE_NAME ""
| #define PACKAGE_TARNAME ""
| #define PACKAGE_VERSION ""
| #define PACKAGE_STRING ""
| #define PACKAGE_BUGREPORT ""
| #define PACKAGE "iftop"
| #define VERSION "1.0pre2"
| #define IFTOP_VERSION "1.0pre2"
| /* end confdefs.h.  */
| #include <ac_nonexistent.h>
configure:3628: checking for grep that handles long lines and -e
configure:3688: result: /scratchbox/tools/bin/grep
configure:3693: checking for egrep
configure:3757: result: /scratchbox/tools/bin/grep -E
configure:3762: checking for ANSI C header files
configure:3792: gcc -c -g -O2  conftest.c >&5
configure:3799: $? = 0
configure:3898: gcc -o conftest -g -O2   conftest.c  >&5
configure:3902: $? = 0
configure:3908: ./conftest
configure:3912: $? = 0
configure:3930: result: yes
configure:3975: checking for sys/types.h
configure:3996: gcc -c -g -O2  conftest.c >&5
configure:4003: $? = 0
configure:4020: result: yes
configure:3975: checking for sys/stat.h
configure:3996: gcc -c -g -O2  conftest.c >&5
configure:4003: $? = 0
configure:4020: result: yes
configure:3975: checking for stdlib.h
configure:3996: gcc -c -g -O2  conftest.c >&5
configure:4003: $? = 0
configure:4020: result: yes
configure:3975: checking for string.h
configure:3996: gcc -c -g -O2  conftest.c >&5
configure:4003: $? = 0
configure:4020: result: yes
configure:3975: checking for memory.h
configure:3996: gcc -c -g -O2  conftest.c >&5
configure:4003: $? = 0
configure:4020: result: yes
configure:3975: checking for strings.h
configure:3996: gcc -c -g -O2  conftest.c >&5
configure:4003: $? = 0
configure:4020: result: yes
configure:3975: checking for inttypes.h
configure:3996: gcc -c -g -O2  conftest.c >&5
configure:4003: $? = 0
configure:4020: result: yes
configure:3975: checking for stdint.h
configure:3996: gcc -c -g -O2  conftest.c >&5
configure:4003: $? = 0
configure:4020: result: yes
configure:3975: checking for unistd.h
configure:3996: gcc -c -g -O2  conftest.c >&5
configure:4003: $? = 0
configure:4020: result: yes
configure:4053: checking sys/ioctl.h usability
configure:4070: gcc -c -g -O2  conftest.c >&5
configure:4077: $? = 0
configure:4091: result: yes
configure:4095: checking sys/ioctl.h presence
configure:4110: gcc -E  conftest.c
configure:4117: $? = 0
configure:4131: result: yes
configure:4159: checking for sys/ioctl.h
configure:4168: result: yes
configure:4053: checking sys/time.h usability
configure:4070: gcc -c -g -O2  conftest.c >&5
configure:4077: $? = 0
configure:4091: result: yes
configure:4095: checking sys/time.h presence
configure:4110: gcc -E  conftest.c
configure:4117: $? = 0
configure:4131: result: yes
configure:4159: checking for sys/time.h
configure:4168: result: yes
configure:4053: checking sys/sockio.h usability
configure:4070: gcc -c -g -O2  conftest.c >&5
conftest.c:56:24: error: sys/sockio.h: No such file or directory
configure:4077: $? = 1
configure: failed program was:
| /* confdefs.h.  */
| #define PACKAGE_NAME ""
| #define PACKAGE_TARNAME ""
| #define PACKAGE_VERSION ""
| #define PACKAGE_STRING ""
| #define PACKAGE_BUGREPORT ""
| #define PACKAGE "iftop"
| #define VERSION "1.0pre2"
| #define IFTOP_VERSION "1.0pre2"
| #define STDC_HEADERS 1
| #define HAVE_SYS_TYPES_H 1
| #define HAVE_SYS_STAT_H 1
| #define HAVE_STDLIB_H 1
| #define HAVE_STRING_H 1
| #define HAVE_MEMORY_H 1
| #define HAVE_STRINGS_H 1
| #define HAVE_INTTYPES_H 1
| #define HAVE_STDINT_H 1
| #define HAVE_UNISTD_H 1
| #define HAVE_SYS_IOCTL_H 1
| #define HAVE_SYS_TIME_H 1
| /* end confdefs.h.  */
| #include <stdio.h>
| #ifdef HAVE_SYS_TYPES_H
| # include <sys/types.h>
| #endif
| #ifdef HAVE_SYS_STAT_H
| # include <sys/stat.h>
| #endif
| #ifdef STDC_HEADERS
| # include <stdlib.h>
| # include <stddef.h>
| #else
| # ifdef HAVE_STDLIB_H
| #  include <stdlib.h>
| # endif
| #endif
| #ifdef HAVE_STRING_H
| # if !defined STDC_HEADERS && defined HAVE_MEMORY_H
| #  include <memory.h>
| # endif
| # include <string.h>
| #endif
| #ifdef HAVE_STRINGS_H
| # include <strings.h>
| #endif
| #ifdef HAVE_INTTYPES_H
| # include <inttypes.h>
| #endif
| #ifdef HAVE_STDINT_H
| # include <stdint.h>
| #endif
| #ifdef HAVE_UNISTD_H
| # include <unistd.h>
| #endif
| #include <sys/sockio.h>
configure:4091: result: no
configure:4095: checking sys/sockio.h presence
configure:4110: gcc -E  conftest.c
conftest.c:23:24: error: sys/sockio.h: No such file or directory
configure:4117: $? = 1
configure: failed program was:
| /* confdefs.h.  */
| #define PACKAGE_NAME ""
| #define PACKAGE_TARNAME ""
| #define PACKAGE_VERSION ""
| #define PACKAGE_STRING ""
| #define PACKAGE_BUGREPORT ""
| #define PACKAGE "iftop"
| #define VERSION "1.0pre2"
| #define IFTOP_VERSION "1.0pre2"
| #define STDC_HEADERS 1
| #define HAVE_SYS_TYPES_H 1
| #define HAVE_SYS_STAT_H 1
| #define HAVE_STDLIB_H 1
| #define HAVE_STRING_H 1
| #define HAVE_MEMORY_H 1
| #define HAVE_STRINGS_H 1
| #define HAVE_INTTYPES_H 1
| #define HAVE_STDINT_H 1
| #define HAVE_UNISTD_H 1
| #define HAVE_SYS_IOCTL_H 1
| #define HAVE_SYS_TIME_H 1
| /* end confdefs.h.  */
| #include <sys/sockio.h>
configure:4131: result: no
configure:4159: checking for sys/sockio.h
configure:4168: result: no
configure:4042: checking for unistd.h
configure:4049: result: yes
configure:4184: checking for an ANSI C-conforming const
configure:4259: gcc -c -g -O2  conftest.c >&5
configure:4266: $? = 0
configure:4281: result: yes
configure:4291: checking for size_t
configure:4319: gcc -c -g -O2  conftest.c >&5
configure:4326: $? = 0
configure:4353: gcc -c -g -O2  conftest.c >&5
conftest.c: In function 'main':
conftest.c:60: error: expected expression before ')' token
configure:4360: $? = 1
configure: failed program was:
| /* confdefs.h.  */
| #define PACKAGE_NAME ""
| #define PACKAGE_TARNAME ""
| #define PACKAGE_VERSION ""
| #define PACKAGE_STRING ""
| #define PACKAGE_BUGREPORT ""
| #define PACKAGE "iftop"
| #define VERSION "1.0pre2"
| #define IFTOP_VERSION "1.0pre2"
| #define STDC_HEADERS 1
| #define HAVE_SYS_TYPES_H 1
| #define HAVE_SYS_STAT_H 1
| #define HAVE_STDLIB_H 1
| #define HAVE_STRING_H 1
| #define HAVE_MEMORY_H 1
| #define HAVE_STRINGS_H 1
| #define HAVE_INTTYPES_H 1
| #define HAVE_STDINT_H 1
| #define HAVE_UNISTD_H 1
| #define HAVE_SYS_IOCTL_H 1
| #define HAVE_SYS_TIME_H 1
| #define HAVE_UNISTD_H 1
| /* end confdefs.h.  */
| #include <stdio.h>
| #ifdef HAVE_SYS_TYPES_H
| # include <sys/types.h>
| #endif
| #ifdef HAVE_SYS_STAT_H
| # include <sys/stat.h>
| #endif
| #ifdef STDC_HEADERS
| # include <stdlib.h>
| # include <stddef.h>
| #else
| # ifdef HAVE_STDLIB_H
| #  include <stdlib.h>
| # endif
| #endif
| #ifdef HAVE_STRING_H
| # if !defined STDC_HEADERS && defined HAVE_MEMORY_H
| #  include <memory.h>
| # endif
| # include <string.h>
| #endif
| #ifdef HAVE_STRINGS_H
| # include <strings.h>
| #endif
| #ifdef HAVE_INTTYPES_H
| # include <inttypes.h>
| #endif
| #ifdef HAVE_STDINT_H
| # include <stdint.h>
| #endif
| #ifdef HAVE_UNISTD_H
| # include <unistd.h>
| #endif
| int
| main ()
| {
| if (sizeof ((size_t)))
| 	  return 0;
|   ;
|   return 0;
| }
configure:4383: result: yes
configure:4395: checking whether time.h and sys/time.h may both be included
configure:4425: gcc -c -g -O2  conftest.c >&5
configure:4432: $? = 0
configure:4447: result: yes
configure:4469: checking sys/dlpi.h usability
configure:4486: gcc -c -g -O2  conftest.c >&5
conftest.c:58:22: error: sys/dlpi.h: No such file or directory
configure:4493: $? = 1
configure: failed program was:
| /* confdefs.h.  */
| #define PACKAGE_NAME ""
| #define PACKAGE_TARNAME ""
| #define PACKAGE_VERSION ""
| #define PACKAGE_STRING ""
| #define PACKAGE_BUGREPORT ""
| #define PACKAGE "iftop"
| #define VERSION "1.0pre2"
| #define IFTOP_VERSION "1.0pre2"
| #define STDC_HEADERS 1
| #define HAVE_SYS_TYPES_H 1
| #define HAVE_SYS_STAT_H 1
| #define HAVE_STDLIB_H 1
| #define HAVE_STRING_H 1
| #define HAVE_MEMORY_H 1
| #define HAVE_STRINGS_H 1
| #define HAVE_INTTYPES_H 1
| #define HAVE_STDINT_H 1
| #define HAVE_UNISTD_H 1
| #define HAVE_SYS_IOCTL_H 1
| #define HAVE_SYS_TIME_H 1
| #define HAVE_UNISTD_H 1
| #define TIME_WITH_SYS_TIME 1
| /* end confdefs.h.  */
| #include <stdio.h>
| #ifdef HAVE_SYS_TYPES_H
| # include <sys/types.h>
| #endif
| #ifdef HAVE_SYS_STAT_H
| # include <sys/stat.h>
| #endif
| #ifdef STDC_HEADERS
| # include <stdlib.h>
| # include <stddef.h>
| #else
| # ifdef HAVE_STDLIB_H
| #  include <stdlib.h>
| # endif
| #endif
| #ifdef HAVE_STRING_H
| # if !defined STDC_HEADERS && defined HAVE_MEMORY_H
| #  include <memory.h>
| # endif
| # include <string.h>
| #endif
| #ifdef HAVE_STRINGS_H
| # include <strings.h>
| #endif
| #ifdef HAVE_INTTYPES_H
| # include <inttypes.h>
| #endif
| #ifdef HAVE_STDINT_H
| # include <stdint.h>
| #endif
| #ifdef HAVE_UNISTD_H
| # include <unistd.h>
| #endif
| #include <sys/dlpi.h>
configure:4507: result: no
configure:4511: checking sys/dlpi.h presence
configure:4526: gcc -E  conftest.c
conftest.c:25:22: error: sys/dlpi.h: No such file or directory
configure:4533: $? = 1
configure: failed program was:
| /* confdefs.h.  */
| #define PACKAGE_NAME ""
| #define PACKAGE_TARNAME ""
| #define PACKAGE_VERSION ""
| #define PACKAGE_STRING ""
| #define PACKAGE_BUGREPORT ""
| #define PACKAGE "iftop"
| #define VERSION "1.0pre2"
| #define IFTOP_VERSION "1.0pre2"
| #define STDC_HEADERS 1
| #define HAVE_SYS_TYPES_H 1
| #define HAVE_SYS_STAT_H 1
| #define HAVE_STDLIB_H 1
| #define HAVE_STRING_H 1
| #define HAVE_MEMORY_H 1
| #define HAVE_STRINGS_H 1
| #define HAVE_INTTYPES_H 1
| #define HAVE_STDINT_H 1
| #define HAVE_UNISTD_H 1
| #define HAVE_SYS_IOCTL_H 1
| #define HAVE_SYS_TIME_H 1
| #define HAVE_UNISTD_H 1
| #define TIME_WITH_SYS_TIME 1
| /* end confdefs.h.  */
| #include <sys/dlpi.h>
configure:4547: result: no
configure:4575: checking for sys/dlpi.h
configure:4582: result: no
configure:4604: checking for regcomp
configure:4660: gcc -o conftest -g -O2   conftest.c  >&5
configure:4667: $? = 0
configure:4689: result: yes
configure:4604: checking for select
configure:4660: gcc -o conftest -g -O2   conftest.c  >&5
configure:4667: $? = 0
configure:4689: result: yes
configure:4604: checking for strdup
configure:4660: gcc -o conftest -g -O2   conftest.c  >&5
conftest.c:50: warning: conflicting types for built-in function 'strdup'
configure:4667: $? = 0
configure:4689: result: yes
configure:4604: checking for strerror
configure:4660: gcc -o conftest -g -O2   conftest.c  >&5
configure:4667: $? = 0
configure:4689: result: yes
configure:4604: checking for strspn
configure:4660: gcc -o conftest -g -O2   conftest.c  >&5
conftest.c:52: warning: conflicting types for built-in function 'strspn'
configure:4667: $? = 0
configure:4689: result: yes
configure:4702: checking for library containing socket
configure:4743: gcc -o conftest -g -O2   conftest.c  >&5
configure:4750: $? = 0
configure:4781: result: none required
configure:4789: checking for library containing log
configure:4830: gcc -o conftest -g -O2   conftest.c  >&5
conftest.c:37: warning: conflicting types for built-in function 'log'
/tmp/ccYSeydI.o: In function `main':
/home/graham/fremantle/debian-packages/iftop/iftop-1.0~pre2/conftest.c:41: undefined reference to `log'
collect2: ld returned 1 exit status
configure:4837: $? = 1
configure: failed program was:
| /* confdefs.h.  */
| #define PACKAGE_NAME ""
| #define PACKAGE_TARNAME ""
| #define PACKAGE_VERSION ""
| #define PACKAGE_STRING ""
| #define PACKAGE_BUGREPORT ""
| #define PACKAGE "iftop"
| #define VERSION "1.0pre2"
| #define IFTOP_VERSION "1.0pre2"
| #define STDC_HEADERS 1
| #define HAVE_SYS_TYPES_H 1
| #define HAVE_SYS_STAT_H 1
| #define HAVE_STDLIB_H 1
| #define HAVE_STRING_H 1
| #define HAVE_MEMORY_H 1
| #define HAVE_STRINGS_H 1
| #define HAVE_INTTYPES_H 1
| #define HAVE_STDINT_H 1
| #define HAVE_UNISTD_H 1
| #define HAVE_SYS_IOCTL_H 1
| #define HAVE_SYS_TIME_H 1
| #define HAVE_UNISTD_H 1
| #define TIME_WITH_SYS_TIME 1
| #define HAVE_REGCOMP 1
| #define HAVE_SELECT 1
| #define HAVE_STRDUP 1
| #define HAVE_STRERROR 1
| #define HAVE_STRSPN 1
| /* end confdefs.h.  */
| 
| /* Override any GCC internal prototype to avoid an error.
|    Use char because int might match the return type of a GCC
|    builtin and then its argument prototype would still apply.  */
| #ifdef __cplusplus
| extern "C"
| #endif
| char log ();
| int
| main ()
| {
| return log ();
|   ;
|   return 0;
| }
configure:4830: gcc -o conftest -g -O2   conftest.c -lm   >&5
conftest.c:37: warning: conflicting types for built-in function 'log'
configure:4837: $? = 0
configure:4868: result: -lm
configure:4876: checking for gethostbyname
configure:4932: gcc -o conftest -g -O2   conftest.c -lm  >&5
configure:4939: $? = 0
configure:4959: result: yes
configure:5042: checking for library containing inet_aton
configure:5083: gcc -o conftest -g -O2   conftest.c -lm  >&5
configure:5090: $? = 0
configure:5121: result: none required
configure:5129: checking for library containing inet_pton
configure:5170: gcc -o conftest -g -O2   conftest.c -lm  >&5
configure:5177: $? = 0
configure:5208: result: none required
configure:5221: checking for inet_aton
configure:5277: gcc -o conftest -g -O2   conftest.c -lm  >&5
configure:5284: $? = 0
configure:5306: result: yes
configure:5221: checking for inet_pton
configure:5277: gcc -o conftest -g -O2   conftest.c -lm  >&5
configure:5284: $? = 0
configure:5306: result: yes
configure:5321: checking size of u_int8_t
configure:5349: gcc -o conftest -g -O2   conftest.c -lm  >&5
conftest.c: In function 'main':
conftest.c:7: warning: incompatible implicit declaration of built-in function 'exit'
conftest.c:8: error: 'X' undeclared (first use in this function)
conftest.c:8: error: (Each undeclared identifier is reported only once
conftest.c:8: error: for each function it appears in.)
configure:5353: $? = 1
configure: program exited with status 1
configure: failed program was:
| 
| #include <sys/types.h>
| #include <stdio.h>
| int main() {
|     u_int8_t dummy;
|     FILE *f=fopen("conftestval", "w");
|     if (!f) exit(1);
|     fprintf(f, "%d\n", sizeof(X));
|     exit(0);
| }
| 
configure:5379: result: unknown type
configure:5321: checking size of u_int16_t
configure:5349: gcc -o conftest -g -O2   conftest.c -lm  >&5
conftest.c: In function 'main':
conftest.c:7: warning: incompatible implicit declaration of built-in function 'exit'
conftest.c:8: error: 'X' undeclared (first use in this function)
conftest.c:8: error: (Each undeclared identifier is reported only once
conftest.c:8: error: for each function it appears in.)
configure:5353: $? = 1
configure: program exited with status 1
configure: failed program was:
| 
| #include <sys/types.h>
| #include <stdio.h>
| int main() {
|     u_int16_t dummy;
|     FILE *f=fopen("conftestval", "w");
|     if (!f) exit(1);
|     fprintf(f, "%d\n", sizeof(X));
|     exit(0);
| }
| 
configure:5379: result: unknown type
configure:5321: checking size of u_int32_t
configure:5349: gcc -o conftest -g -O2   conftest.c -lm  >&5
conftest.c: In function 'main':
conftest.c:7: warning: incompatible implicit declaration of built-in function 'exit'
conftest.c:8: error: 'X' undeclared (first use in this function)
conftest.c:8: error: (Each undeclared identifier is reported only once
conftest.c:8: error: for each function it appears in.)
configure:5353: $? = 1
configure: program exited with status 1
configure: failed program was:
| 
| #include <sys/types.h>
| #include <stdio.h>
| int main() {
|     u_int32_t dummy;
|     FILE *f=fopen("conftestval", "w");
|     if (!f) exit(1);
|     fprintf(f, "%d\n", sizeof(X));
|     exit(0);
| }
| 
configure:5379: result: unknown type
configure:5415: checking for stdint.h
configure:5422: result: yes
configure:6649: checking for library containing getnameinfo
configure:6690: gcc -o conftest -g -O2   conftest.c -lm  >&5
configure:6697: $? = 0
configure:6728: result: none required
configure:6751: checking for library containing gethostbyaddr_r
configure:6792: gcc -o conftest -g -O2   conftest.c -lm  >&5
configure:6799: $? = 0
configure:6830: result: none required
configure:6848: checking how to call gethostbyaddr_r
configure:6864: gcc -o conftest -g -O2   conftest.c -lm  >&5
conftest.c: In function 'main':
conftest.c:63: warning: passing argument 7 of 'gethostbyaddr_r' from incompatible pointer type
conftest.c:63: error: too few arguments to function 'gethostbyaddr_r'
configure:6871: $? = 1
configure: failed program was:
| /* confdefs.h.  */
| #define PACKAGE_NAME ""
| #define PACKAGE_TARNAME ""
| #define PACKAGE_VERSION ""
| #define PACKAGE_STRING ""
| #define PACKAGE_BUGREPORT ""
| #define PACKAGE "iftop"
| #define VERSION "1.0pre2"
| #define IFTOP_VERSION "1.0pre2"
| #define STDC_HEADERS 1
| #define HAVE_SYS_TYPES_H 1
| #define HAVE_SYS_STAT_H 1
| #define HAVE_STDLIB_H 1
| #define HAVE_STRING_H 1
| #define HAVE_MEMORY_H 1
| #define HAVE_STRINGS_H 1
| #define HAVE_INTTYPES_H 1
| #define HAVE_STDINT_H 1
| #define HAVE_UNISTD_H 1
| #define HAVE_SYS_IOCTL_H 1
| #define HAVE_SYS_TIME_H 1
| #define HAVE_UNISTD_H 1
| #define TIME_WITH_SYS_TIME 1
| #define HAVE_REGCOMP 1
| #define HAVE_SELECT 1
| #define HAVE_STRDUP 1
| #define HAVE_STRERROR 1
| #define HAVE_STRSPN 1
| #define HAVE_INET_ATON 1
| #define HAVE_INET_PTON 1
| #define SIZEOF_U_INT8_T 0
| #define SIZEOF_U_INT16_T 0
| #define SIZEOF_U_INT32_T 0
| #define HAVE_STDINT_H 1
| #define HAVE_C99_INTS 1
| /* end confdefs.h.  */
| /*
|  * hostentp_ghba_r.c:
|  * Test program to see whether gethostbyaddr_r takes 7 arguments and returns
|  * struct hostent*. 
|  */
| 
| static const char rcsid[] = "$Id: hostentp_ghba_r.c,v 1.1 2002/11/04 12:27:35 chris Exp $";
| 
| #include <sys/types.h>
| 
| #include <errno.h>
| #include <netdb.h>
| #include <stdio.h>
| #include <stdlib.h>
| #include <netinet/in.h>
| 
| int main(void) {
|     struct in_addr localhost;
|     struct hostent hostbuf, *hp;
|     char *buf;
|     int herr;
|     size_t buflen = 1024;
|     
|     localhost.s_addr = htonl(INADDR_LOOPBACK);
|     buf = malloc(buflen);
|     while ((hp = gethostbyaddr_r((char*)&localhost, sizeof(struct in_addr),
|                                  AF_INET, &hostbuf, buf, buflen, &herr))
|                     == NULL
|            && errno == ERANGE)
|         buf = (char*)realloc(buf, buflen *= 2);
|         
|     /* We assume that the loopback address can always be resolved if
|      * gethostbyaddr_r is actually working. */
|     if (hp == NULL) {
|         fprintf(stderr, "errno = %d, herr = %d\n", errno, herr);
|         return -1;
|     } else
|         return 0;
| }
configure:6906: gcc -o conftest -g -O2   conftest.c -lm  >&5
configure:6913: $? = 0
configure:6921: result: 8 args, int return
configure:6960: checking gethostbyaddr_r usability
configure:6975: gcc -o conftest -g -O2   conftest.c -lm  >&5
configure:6979: $? = 0
configure:6985: ./conftest
configure:6989: $? = 0
configure:6991: result: yes
configure:7254: checking where to find pcap.h
configure:7278: gcc -E  conftest.c
configure:7285: $? = 0
configure:7291: result: /include
configure:7323: checking for pcap_open_live in -lpcap
configure:7358: gcc -o conftest -g -O2   conftest.c -lpcap  -lm  >&5
configure:7365: $? = 0
configure:7386: result: yes
configure:7425: checking pcap.h usability
configure:7442: gcc -c -g -O2  conftest.c >&5
configure:7449: $? = 0
configure:7463: result: yes
configure:7467: checking pcap.h presence
configure:7482: gcc -E  conftest.c
configure:7489: $? = 0
configure:7503: result: yes
configure:7531: checking for pcap.h
configure:7540: result: yes
configure:7568: checking for a curses library containing mvchgat
configure:7598: gcc -o conftest -g -O2   conftest.c -lpcap -lm  -lncursesw >&5
/scratchbox/compilers/cs2007q3-glibc2.5-arm7/bin/../lib/gcc/arm-none-linux-gnueabi/4.2.1/../../../../arm-none-linux-gnueabi/bin/ld: cannot find -lncursesw
collect2: ld returned 1 exit status
configure:7605: $? = 1
configure: failed program was:
| /* confdefs.h.  */
| #define PACKAGE_NAME ""
| #define PACKAGE_TARNAME ""
| #define PACKAGE_VERSION ""
| #define PACKAGE_STRING ""
| #define PACKAGE_BUGREPORT ""
| #define PACKAGE "iftop"
| #define VERSION "1.0pre2"
| #define IFTOP_VERSION "1.0pre2"
| #define STDC_HEADERS 1
| #define HAVE_SYS_TYPES_H 1
| #define HAVE_SYS_STAT_H 1
| #define HAVE_STDLIB_H 1
| #define HAVE_STRING_H 1
| #define HAVE_MEMORY_H 1
| #define HAVE_STRINGS_H 1
| #define HAVE_INTTYPES_H 1
| #define HAVE_STDINT_H 1
| #define HAVE_UNISTD_H 1
| #define HAVE_SYS_IOCTL_H 1
| #define HAVE_SYS_TIME_H 1
| #define HAVE_UNISTD_H 1
| #define TIME_WITH_SYS_TIME 1
| #define HAVE_REGCOMP 1
| #define HAVE_SELECT 1
| #define HAVE_STRDUP 1
| #define HAVE_STRERROR 1
| #define HAVE_STRSPN 1
| #define HAVE_INET_ATON 1
| #define HAVE_INET_PTON 1
| #define SIZEOF_U_INT8_T 0
| #define SIZEOF_U_INT16_T 0
| #define SIZEOF_U_INT32_T 0
| #define HAVE_STDINT_H 1
| #define HAVE_C99_INTS 1
| #define GETHOSTBYADDR_R_RETURNS_INT 1
| #define USE_GETHOSTBYADDR_R 1
| #define HAVE_LIBPCAP 1
| #define HAVE_PCAP_H 1
| /* end confdefs.h.  */
| 
| #include <curses.h>
| 
| int
| main ()
| {
| 
|         mvchgat(0, 0, 1, A_REVERSE, 0, NULL)
| 
|   ;
|   return 0;
| }
configure:7598: gcc -o conftest -g -O2   conftest.c -lpcap -lm  -lcurses >&5
configure:7605: $? = 0
configure:7640: result: -lcurses
configure:7646: checking POSIX threads compilation
configure:7669: gcc -o conftest -g -O2    conftest.c -lpcap -lm  -lcurses  >&5
/tmp/cc6yaGSs.o: In function `main':
/home/graham/fremantle/debian-packages/iftop/iftop-1.0~pre2/conftest.c:81: undefined reference to `pthread_create'
/home/graham/fremantle/debian-packages/iftop/iftop-1.0~pre2/conftest.c:98: undefined reference to `pthread_cancel'
/home/graham/fremantle/debian-packages/iftop/iftop-1.0~pre2/conftest.c:98: undefined reference to `pthread_join'
/tmp/cc6yaGSs.o: In function `worker_thread':
/home/graham/fremantle/debian-packages/iftop/iftop-1.0~pre2/conftest.c:69: undefined reference to `pthread_testcancel'
collect2: ld returned 1 exit status
configure:7676: $? = 1
configure: failed program was:
| /* confdefs.h.  */
| #define PACKAGE_NAME ""
| #define PACKAGE_TARNAME ""
| #define PACKAGE_VERSION ""
| #define PACKAGE_STRING ""
| #define PACKAGE_BUGREPORT ""
| #define PACKAGE "iftop"
| #define VERSION "1.0pre2"
| #define IFTOP_VERSION "1.0pre2"
| #define STDC_HEADERS 1
| #define HAVE_SYS_TYPES_H 1
| #define HAVE_SYS_STAT_H 1
| #define HAVE_STDLIB_H 1
| #define HAVE_STRING_H 1
| #define HAVE_MEMORY_H 1
| #define HAVE_STRINGS_H 1
| #define HAVE_INTTYPES_H 1
| #define HAVE_STDINT_H 1
| #define HAVE_UNISTD_H 1
| #define HAVE_SYS_IOCTL_H 1
| #define HAVE_SYS_TIME_H 1
| #define HAVE_UNISTD_H 1
| #define TIME_WITH_SYS_TIME 1
| #define HAVE_REGCOMP 1
| #define HAVE_SELECT 1
| #define HAVE_STRDUP 1
| #define HAVE_STRERROR 1
| #define HAVE_STRSPN 1
| #define HAVE_INET_ATON 1
| #define HAVE_INET_PTON 1
| #define SIZEOF_U_INT8_T 0
| #define SIZEOF_U_INT16_T 0
| #define SIZEOF_U_INT32_T 0
| #define HAVE_STDINT_H 1
| #define HAVE_C99_INTS 1
| #define GETHOSTBYADDR_R_RETURNS_INT 1
| #define USE_GETHOSTBYADDR_R 1
| #define HAVE_LIBPCAP 1
| #define HAVE_PCAP_H 1
| /* end confdefs.h.  */
| /*
|  * pthread.c:
|  * Tiny test program to see whether POSIX threads work.
|  */
| 
| static const char rcsid[] = "$Id: pthread.c,v 1.4 2005/10/26 22:56:05 chris Exp $";
| 
| #include <sys/types.h>
| 
| #include <errno.h>
| #include <pthread.h>
| #include <stdio.h>
| #include <string.h>
| #include <time.h>
| #include <unistd.h>
| 
| static pthread_mutex_t mtx = PTHREAD_MUTEX_INITIALIZER;
| static pthread_cond_t cond = PTHREAD_COND_INITIALIZER;
| static int return_value = -1;
| 
| void *worker_thread(void *v) {
|     /* Record successful return and signal parent to wake up. */
|     return_value = 0;
|     pthread_mutex_lock(&mtx);
|     pthread_cond_signal(&cond);
|     pthread_mutex_unlock(&mtx);
|     while (1) {
|         sleep(1);
|         pthread_testcancel();
|     }
| }
| 
| /* Start a thread, and have it set a variable to some other value, then signal
|  * a condition variable. If this doesn't happen within some set time, we assume
|  * that something's gone badly wrong and abort (for instance, the thread never
|  * got started). */
| int main(void) {
|     pthread_t thr;
|     int res;
|     struct timespec deadline = {0};
|     if ((res = pthread_mutex_lock(&mtx)) != 0
|         || (res = pthread_create(&thr, NULL, worker_thread, NULL)) != 0) {
|         fprintf(stderr, "%s\n", strerror(res));
|         return -1;
|     }
| 
|     /* Thread should now be running; we should wait on the condition
|      * variable. */
|     do
|         deadline.tv_sec = 2 + time(NULL);
|     while ((res = pthread_cond_timedwait(&cond, &mtx, &deadline)) == EINTR);
|     
|     if (res != 0) {
|         fprintf(stderr, "%s\n", strerror(res));
|         return -1;
|     }
| 
|     if ((res = pthread_cancel(thr)) != 0
|         || (res = pthread_join(thr, NULL)) != 0) {
|         fprintf(stderr, "%s\n", strerror(res));
|         return -1;
|     }
|     
|     return return_value;
| }
configure:7669: gcc -o conftest -g -O2    conftest.c -lpcap -lm  -lcurses -lpthread >&5
configure:7676: $? = 0
configure:7716: result: CFLAGS= and LIBS=-lpthread
configure:7718: checking POSIX threads usability
configure:7733: gcc -o conftest -g -O2    conftest.c -lpcap -lm  -lcurses -lpthread >&5
configure:7737: $? = 0
configure:7743: ./conftest
No such process
configure:7747: $? = 255
configure: program exited with status 255
configure: failed program was:
| /*
|  * pthread.c:
|  * Tiny test program to see whether POSIX threads work.
|  */
| 
| static const char rcsid[] = "$Id: pthread.c,v 1.4 2005/10/26 22:56:05 chris Exp $";
| 
| #include <sys/types.h>
| 
| #include <errno.h>
| #include <pthread.h>
| #include <stdio.h>
| #include <string.h>
| #include <time.h>
| #include <unistd.h>
| 
| static pthread_mutex_t mtx = PTHREAD_MUTEX_INITIALIZER;
| static pthread_cond_t cond = PTHREAD_COND_INITIALIZER;
| static int return_value = -1;
| 
| void *worker_thread(void *v) {
|     /* Record successful return and signal parent to wake up. */
|     return_value = 0;
|     pthread_mutex_lock(&mtx);
|     pthread_cond_signal(&cond);
|     pthread_mutex_unlock(&mtx);
|     while (1) {
|         sleep(1);
|         pthread_testcancel();
|     }
| }
| 
| /* Start a thread, and have it set a variable to some other value, then signal
|  * a condition variable. If this doesn't happen within some set time, we assume
|  * that something's gone badly wrong and abort (for instance, the thread never
|  * got started). */
| int main(void) {
|     pthread_t thr;
|     int res;
|     struct timespec deadline = {0};
|     if ((res = pthread_mutex_lock(&mtx)) != 0
|         || (res = pthread_create(&thr, NULL, worker_thread, NULL)) != 0) {
|         fprintf(stderr, "%s\n", strerror(res));
|         return -1;
|     }
| 
|     /* Thread should now be running; we should wait on the condition
|      * variable. */
|     do
|         deadline.tv_sec = 2 + time(NULL);
|     while ((res = pthread_cond_timedwait(&cond, &mtx, &deadline)) == EINTR);
|     
|     if (res != 0) {
|         fprintf(stderr, "%s\n", strerror(res));
|         return -1;
|     }
| 
|     if ((res = pthread_cancel(thr)) != 0
|         || (res = pthread_join(thr, NULL)) != 0) {
|         fprintf(stderr, "%s\n", strerror(res));
|         return -1;
|     }
|     
|     return return_value;
| }
configure:7757: error: it fails.  We probably guessed the wrong CFLAGS.

## ---------------- ##
## Cache variables. ##
## ---------------- ##

ac_cv_build=arm-unknown-linux-gnueabi
ac_cv_c_compiler_gnu=yes
ac_cv_c_const=yes
ac_cv_env_CC_set=
ac_cv_env_CC_value=
ac_cv_env_CFLAGS_set=set
ac_cv_env_CFLAGS_value='-g -O2'
ac_cv_env_CPPFLAGS_set=set
ac_cv_env_CPPFLAGS_value=
ac_cv_env_CPP_set=
ac_cv_env_CPP_value=
ac_cv_env_LDFLAGS_set=set
ac_cv_env_LDFLAGS_value=
ac_cv_env_LIBS_set=
ac_cv_env_LIBS_value=
ac_cv_env_build_alias_set=set
ac_cv_env_build_alias_value=arm-linux-gnueabi
ac_cv_env_host_alias_set=
ac_cv_env_host_alias_value=
ac_cv_env_target_alias_set=
ac_cv_env_target_alias_value=
ac_cv_func_gethostbyname=yes
ac_cv_func_inet_aton=yes
ac_cv_func_inet_pton=yes
ac_cv_func_regcomp=yes
ac_cv_func_select=yes
ac_cv_func_strdup=yes
ac_cv_func_strerror=yes
ac_cv_func_strspn=yes
ac_cv_header_inttypes_h=yes
ac_cv_header_memory_h=yes
ac_cv_header_pcap_h=yes
ac_cv_header_stdc=yes
ac_cv_header_stdint_h=yes
ac_cv_header_stdlib_h=yes
ac_cv_header_string_h=yes
ac_cv_header_strings_h=yes
ac_cv_header_sys_dlpi_h=no
ac_cv_header_sys_ioctl_h=yes
ac_cv_header_sys_sockio_h=no
ac_cv_header_sys_stat_h=yes
ac_cv_header_sys_time_h=yes
ac_cv_header_sys_types_h=yes
ac_cv_header_time=yes
ac_cv_header_unistd_h=yes
ac_cv_host=arm-unknown-linux-gnueabi
ac_cv_lib_pcap_pcap_open_live=yes
ac_cv_objext=o
ac_cv_path_EGREP='/scratchbox/tools/bin/grep -E'
ac_cv_path_GREP=/scratchbox/tools/bin/grep
ac_cv_path_install='/scratchbox/tools/bin/install -c'
ac_cv_prog_AWK=gawk
ac_cv_prog_CPP='gcc -E'
ac_cv_prog_ac_ct_CC=gcc
ac_cv_prog_cc_c89=
ac_cv_prog_cc_g=yes
ac_cv_prog_make_make_set=yes
ac_cv_search_gethostbyaddr_r='none required'
ac_cv_search_getnameinfo='none required'
ac_cv_search_inet_aton='none required'
ac_cv_search_inet_pton='none required'
ac_cv_search_log=-lm
ac_cv_search_socket='none required'
ac_cv_target=arm-unknown-linux-gnueabi
ac_cv_type_size_t=yes
am_cv_CC_dependencies_compiler_type=none

## ----------------- ##
## Output variables. ##
## ----------------- ##

ACLOCAL='${SHELL} /home/graham/fremantle/debian-packages/iftop/iftop-1.0~pre2/config/missing --run aclocal-1.5'
AMDEPBACKSLASH=''
AMDEP_FALSE=''
AMDEP_TRUE='#'
AMTAR='${SHELL} /home/graham/fremantle/debian-packages/iftop/iftop-1.0~pre2/config/missing --run tar'
AUTOCONF='${SHELL} /home/graham/fremantle/debian-packages/iftop/iftop-1.0~pre2/config/missing --run autoconf'
AUTOHEADER='${SHELL} /home/graham/fremantle/debian-packages/iftop/iftop-1.0~pre2/config/missing --run autoheader'
AUTOMAKE='${SHELL} /home/graham/fremantle/debian-packages/iftop/iftop-1.0~pre2/config/missing --run automake-1.5'
AWK='gawk'
CC='gcc'
CCDEPMODE='depmode=none'
CFLAGS='-g -O2 '
CPP='gcc -E'
CPPFLAGS=''
DEFS=''
DEPDIR='.deps'
ECHO_C=''
ECHO_N='-n'
ECHO_T=''
EGREP='/scratchbox/tools/bin/grep -E'
EXEEXT=''
GREP='/scratchbox/tools/bin/grep'
INSTALL_DATA='${INSTALL} -m 644'
INSTALL_PROGRAM='${INSTALL}'
INSTALL_SCRIPT='${INSTALL}'
INSTALL_STRIP_PROGRAM='${SHELL} $(install_sh) -c -s'
LDFLAGS=''
LIBOBJS=''
LIBS='-lpcap -lm  -lcurses -lpthread'
LTLIBOBJS=''
MAKEINFO='${SHELL} /home/graham/fremantle/debian-packages/iftop/iftop-1.0~pre2/config/missing --run makeinfo'
OBJEXT='o'
PACKAGE='iftop'
PACKAGE_BUGREPORT=''
PACKAGE_NAME=''
PACKAGE_STRING=''
PACKAGE_TARNAME=''
PACKAGE_VERSION=''
PATH_SEPARATOR=':'
SET_MAKE=''
SHELL='/bin/sh'
VERSION='1.0pre2'
ac_aux_dir='config'
ac_ct_CC='gcc'
am__include='include'
am__quote=''
bindir='${exec_prefix}/bin'
build='arm-unknown-linux-gnueabi'
build_alias='arm-linux-gnueabi'
build_cpu='arm'
build_os='linux-gnueabi'
build_vendor='unknown'
datadir='${datarootdir}'
datarootdir='${prefix}/share'
docdir='${datarootdir}/doc/${PACKAGE}'
dvidir='${docdir}'
exec_prefix='NONE'
host='arm-unknown-linux-gnueabi'
host_alias=''
host_cpu='arm'
host_os='linux-gnueabi'
host_vendor='unknown'
htmldir='${docdir}'
includedir='${prefix}/include'
infodir='${prefix}/share/info'
install_sh='/home/graham/fremantle/debian-packages/iftop/iftop-1.0~pre2/config/install-sh'
libdir='${exec_prefix}/lib'
libexecdir='${prefix}/lib/iftop'
localedir='${datarootdir}/locale'
localstatedir='/var'
mandir='${prefix}/share/man'
oldincludedir='/usr/include'
pdfdir='${docdir}'
prefix='/usr'
program_transform_name='s,x,x,'
psdir='${docdir}'
sbindir='${exec_prefix}/sbin'
sharedstatedir='${prefix}/com'
sysconfdir='/etc'
target='arm-unknown-linux-gnueabi'
target_alias=''
target_cpu='arm'
target_os='linux-gnueabi'
target_vendor='unknown'

## ----------- ##
## confdefs.h. ##
## ----------- ##

#define PACKAGE_NAME ""
#define PACKAGE_TARNAME ""
#define PACKAGE_VERSION ""
#define PACKAGE_STRING ""
#define PACKAGE_BUGREPORT ""
#define PACKAGE "iftop"
#define VERSION "1.0pre2"
#define IFTOP_VERSION "1.0pre2"
#define STDC_HEADERS 1
#define HAVE_SYS_TYPES_H 1
#define HAVE_SYS_STAT_H 1
#define HAVE_STDLIB_H 1
#define HAVE_STRING_H 1
#define HAVE_MEMORY_H 1
#define HAVE_STRINGS_H 1
#define HAVE_INTTYPES_H 1
#define HAVE_STDINT_H 1
#define HAVE_UNISTD_H 1
#define HAVE_SYS_IOCTL_H 1
#define HAVE_SYS_TIME_H 1
#define HAVE_UNISTD_H 1
#define TIME_WITH_SYS_TIME 1
#define HAVE_REGCOMP 1
#define HAVE_SELECT 1
#define HAVE_STRDUP 1
#define HAVE_STRERROR 1
#define HAVE_STRSPN 1
#define HAVE_INET_ATON 1
#define HAVE_INET_PTON 1
#define SIZEOF_U_INT8_T 0
#define SIZEOF_U_INT16_T 0
#define SIZEOF_U_INT32_T 0
#define HAVE_STDINT_H 1
#define HAVE_C99_INTS 1
#define GETHOSTBYADDR_R_RETURNS_INT 1
#define USE_GETHOSTBYADDR_R 1
#define HAVE_LIBPCAP 1
#define HAVE_PCAP_H 1

configure: exit 1
